#
# There is insufficient memory for the Java Runtime Environment to continue.
# Native memory allocation (malloc) failed to allocate 1048576 bytes. Error detail: AllocateHeap
# Possible reasons:
#   The system is out of physical RAM or swap space
#   This process is running with CompressedOops enabled, and the Java Heap may be blocking the growth of the native heap
# Possible solutions:
#   Reduce memory load on the system
#   Increase physical memory or swap space
#   Check if swap backing store is full
#   Decrease Java heap size (-Xmx/-Xms)
#   Decrease number of Java threads
#   Decrease Java thread stack sizes (-Xss)
#   Set larger code cache with -XX:ReservedCodeCacheSize=
#   JVM is running with Unscaled Compressed Oops mode in which the Java heap is
#     placed in the first 4GB address space. The Java Heap base address is the
#     maximum limit for the native heap growth. Please use -XX:HeapBaseMinAddress
#     to set the Java Heap base and to place the Java Heap above 4GB virtual address.
# This output file may be truncated or incomplete.
#
#  Out of Memory Error (allocation.cpp:44), pid=6876, tid=4392
#
# JRE version: OpenJDK Runtime Environment Temurin-21.0.8+9 (21.0.8+9) (build 21.0.8+9-LTS)
# Java VM: OpenJDK 64-Bit Server VM Temurin-21.0.8+9 (21.0.8+9-LTS, mixed mode, sharing, tiered, compressed oops, compressed class ptrs, parallel gc, windows-amd64)
# No core dump will be written. Minidumps are not enabled by default on client versions of Windows
#

---------------  S U M M A R Y ------------

Command Line: --add-modules=ALL-SYSTEM --add-opens=java.base/java.util=ALL-UNNAMED --add-opens=java.base/java.lang=ALL-UNNAMED --add-opens=java.base/sun.nio.fs=ALL-UNNAMED -Declipse.application=org.eclipse.jdt.ls.core.id1 -Dosgi.bundles.defaultStartLevel=4 -Declipse.product=org.eclipse.jdt.ls.core.product -Djava.import.generatesMetadataFilesAtProjectRoot=false -DDetectVMInstallationsJob.disabled=true -Dfile.encoding=utf8 -XX:+UseParallelGC -XX:GCTimeRatio=4 -XX:AdaptiveSizePolicyWeight=90 -Dsun.zip.disableMemoryMapping=true -Xmx2G -Xms100m -Xlog:disable -javaagent:c:\Users\Admin\.vscode\extensions\redhat.java-1.44.0-win32-x64\lombok\lombok-1.18.39-4050.jar -XX:+HeapDumpOnOutOfMemoryError -XX:HeapDumpPath=c:\Users\Admin\AppData\Roaming\Code\User\workspaceStorage\612b4bcd867f8c5dce3d03f15af5dfeb\redhat.java -Daether.dependencyCollector.impl=bf c:\Users\Admin\.vscode\extensions\redhat.java-1.44.0-win32-x64\server\plugins\org.eclipse.equinox.launcher_1.7.0.v20250519-0528.jar -configuration c:\Users\Admin\AppData\Roaming\Code\User\globalStorage\redhat.java\1.44.0\config_win -data c:\Users\Admin\AppData\Roaming\Code\User\workspaceStorage\612b4bcd867f8c5dce3d03f15af5dfeb\redhat.java\jdt_ws --pipe=\\.\pipe\lsp-d6feadb93c9912d5cf73b5ad9491c3d5-sock

Host: Intel(R) Core(TM) i7-9750H CPU @ 2.60GHz, 12 cores, 15G,  Windows 11 , 64 bit Build 26100 (10.0.26100.4484)
Time: Mon Aug  4 08:56:29 2025 India Standard Time elapsed time: 50528.611725 seconds (0d 14h 2m 8s)

---------------  T H R E A D  ---------------

Current thread (0x0000021e810183b0):  JavaThread "Attach Listener" daemon [_thread_in_vm, id=4392, stack(0x0000001e6ff00000,0x0000001e70000000) (1024K)]

Stack: [0x0000001e6ff00000,0x0000001e70000000]
Native frames: (J=compiled Java code, j=interpreted, Vv=VM code, C=native code)
V  [jvm.dll+0x6d2449]
V  [jvm.dll+0x8ae341]
V  [jvm.dll+0x8b08be]
V  [jvm.dll+0x8b0fa3]
V  [jvm.dll+0x280c96]
V  [jvm.dll+0xc0347]
V  [jvm.dll+0x6d2cf9]
V  [jvm.dll+0x131116]
V  [jvm.dll+0x3f2d16]
V  [jvm.dll+0x857e6b]
V  [jvm.dll+0x6d0b0d]
C  [ucrtbase.dll+0x37b0]
C  [KERNEL32.DLL+0x2e8d7]
C  [ntdll.dll+0x3c34c]


---------------  P R O C E S S  ---------------

Threads class SMR info:
_java_thread_list=0x0000021e8d7729b0, length=46, elements={
0x0000021e2776c660, 0x0000021e810144b0, 0x0000021e81015100, 0x0000021e81017760,
0x0000021e810183b0, 0x0000021e8101d860, 0x0000021e8102a0c0, 0x0000021e81035f10,
0x0000021e81036d50, 0x0000021e81108900, 0x0000021e8137fde0, 0x0000021e861b04c0,
0x0000021e861afe30, 0x0000021e861b2590, 0x0000021e861b0b50, 0x0000021e862f9600,
0x0000021e862f6180, 0x0000021e862f8250, 0x0000021e862fa320, 0x0000021e862f7530,
0x0000021e862fd110, 0x0000021e862fb6d0, 0x0000021e862fbd60, 0x0000021e862fc3f0,
0x0000021e862fca80, 0x0000021e862fd7a0, 0x0000021e88220520, 0x0000021e8821d0a0,
0x0000021e8821eae0, 0x0000021e8821f170, 0x0000021e8821f800, 0x0000021e88220bb0,
0x0000021e8821d730, 0x0000021e88221240, 0x0000021e8821fe90, 0x0000021e882218d0,
0x0000021e882239a0, 0x0000021e8709ca30, 0x0000021e8709d0c0, 0x0000021e870a0bd0,
0x0000021e8709d750, 0x0000021e8709f820, 0x0000021e870a1260, 0x0000021e8b3744f0,
0x0000021e8b373e60, 0x0000021e883efc40
}

Java Threads: ( => current thread )
  0x0000021e2776c660 JavaThread "main"                              [_thread_blocked, id=1560, stack(0x0000001e6f800000,0x0000001e6f900000) (1024K)]
  0x0000021e810144b0 JavaThread "Reference Handler"          daemon [_thread_blocked, id=10264, stack(0x0000001e6fc00000,0x0000001e6fd00000) (1024K)]
  0x0000021e81015100 JavaThread "Finalizer"                  daemon [_thread_blocked, id=15380, stack(0x0000001e6fd00000,0x0000001e6fe00000) (1024K)]
  0x0000021e81017760 JavaThread "Signal Dispatcher"          daemon [_thread_blocked, id=15476, stack(0x0000001e6fe00000,0x0000001e6ff00000) (1024K)]
=>0x0000021e810183b0 JavaThread "Attach Listener"            daemon [_thread_in_vm, id=4392, stack(0x0000001e6ff00000,0x0000001e70000000) (1024K)]
  0x0000021e8101d860 JavaThread "Service Thread"             daemon [_thread_blocked, id=17200, stack(0x0000001e70000000,0x0000001e70100000) (1024K)]
  0x0000021e8102a0c0 JavaThread "Monitor Deflation Thread"   daemon [_thread_blocked, id=14440, stack(0x0000001e70100000,0x0000001e70200000) (1024K)]
  0x0000021e81035f10 JavaThread "C2 CompilerThread0"         daemon [_thread_blocked, id=2600, stack(0x0000001e70200000,0x0000001e70300000) (1024K)]
  0x0000021e81036d50 JavaThread "C1 CompilerThread0"         daemon [_thread_blocked, id=5108, stack(0x0000001e70300000,0x0000001e70400000) (1024K)]
  0x0000021e81108900 JavaThread "Common-Cleaner"             daemon [_thread_blocked, id=15244, stack(0x0000001e70400000,0x0000001e70500000) (1024K)]
  0x0000021e8137fde0 JavaThread "Notification Thread"        daemon [_thread_blocked, id=12908, stack(0x0000001e70600000,0x0000001e70700000) (1024K)]
  0x0000021e861b04c0 JavaThread "Active Thread: Equinox Container: 3190d7d7-53f0-4409-a1cb-4968c0f9e840"        [_thread_blocked, id=11460, stack(0x0000001e71400000,0x0000001e71500000) (1024K)]
  0x0000021e861afe30 JavaThread "Framework Event Dispatcher: Equinox Container: 3190d7d7-53f0-4409-a1cb-4968c0f9e840" daemon [_thread_blocked, id=14024, stack(0x0000001e71500000,0x0000001e71600000) (1024K)]
  0x0000021e861b2590 JavaThread "Start Level: Equinox Container: 3190d7d7-53f0-4409-a1cb-4968c0f9e840" daemon [_thread_blocked, id=9820, stack(0x0000001e71600000,0x0000001e71700000) (1024K)]
  0x0000021e861b0b50 JavaThread "Refresh Thread: Equinox Container: 3190d7d7-53f0-4409-a1cb-4968c0f9e840" daemon [_thread_blocked, id=13968, stack(0x0000001e71800000,0x0000001e71900000) (1024K)]
  0x0000021e862f9600 JavaThread "Bundle File Closer"         daemon [_thread_blocked, id=2468, stack(0x0000001e72100000,0x0000001e72200000) (1024K)]
  0x0000021e862f6180 JavaThread "SCR Component Actor"        daemon [_thread_blocked, id=15856, stack(0x0000001e72200000,0x0000001e72300000) (1024K)]
  0x0000021e862f8250 JavaThread "Worker-JM"                         [_thread_blocked, id=2116, stack(0x0000001e72400000,0x0000001e72500000) (1024K)]
  0x0000021e862fa320 JavaThread "Java indexing"              daemon [_thread_blocked, id=2692, stack(0x0000001e70700000,0x0000001e70800000) (1024K)]
  0x0000021e862f7530 JavaThread "JNA Cleaner"                daemon [_thread_blocked, id=11880, stack(0x0000001e72800000,0x0000001e72900000) (1024K)]
  0x0000021e862fd110 JavaThread "Thread-2"                   daemon [_thread_in_native, id=1684, stack(0x0000001e72e00000,0x0000001e72f00000) (1024K)]
  0x0000021e862fb6d0 JavaThread "Thread-3"                   daemon [_thread_in_native, id=15240, stack(0x0000001e72f00000,0x0000001e73000000) (1024K)]
  0x0000021e862fbd60 JavaThread "Thread-4"                   daemon [_thread_in_native, id=4960, stack(0x0000001e73000000,0x0000001e73100000) (1024K)]
  0x0000021e862fc3f0 JavaThread "Thread-5"                   daemon [_thread_in_native, id=12232, stack(0x0000001e73100000,0x0000001e73200000) (1024K)]
  0x0000021e862fca80 JavaThread "Thread-6"                   daemon [_thread_in_native, id=10172, stack(0x0000001e73200000,0x0000001e73300000) (1024K)]
  0x0000021e862fd7a0 JavaThread "Thread-7"                   daemon [_thread_in_native, id=1724, stack(0x0000001e73300000,0x0000001e73400000) (1024K)]
  0x0000021e88220520 JavaThread "Thread-8"                   daemon [_thread_in_native, id=11456, stack(0x0000001e73400000,0x0000001e73500000) (1024K)]
  0x0000021e8821d0a0 JavaThread "Thread-9"                   daemon [_thread_in_native, id=16300, stack(0x0000001e73500000,0x0000001e73600000) (1024K)]
  0x0000021e8821eae0 JavaThread "Thread-10"                  daemon [_thread_in_native, id=16288, stack(0x0000001e73600000,0x0000001e73700000) (1024K)]
  0x0000021e8821f170 JavaThread "Thread-11"                  daemon [_thread_in_native, id=13136, stack(0x0000001e73700000,0x0000001e73800000) (1024K)]
  0x0000021e8821f800 JavaThread "Thread-12"                  daemon [_thread_in_native, id=14088, stack(0x0000001e73800000,0x0000001e73900000) (1024K)]
  0x0000021e88220bb0 JavaThread "Thread-13"                  daemon [_thread_in_native, id=14524, stack(0x0000001e73900000,0x0000001e73a00000) (1024K)]
  0x0000021e8821d730 JavaThread "Thread-14"                  daemon [_thread_in_native, id=14692, stack(0x0000001e73a00000,0x0000001e73b00000) (1024K)]
  0x0000021e88221240 JavaThread "pool-2-thread-1"                   [_thread_blocked, id=836, stack(0x0000001e73b00000,0x0000001e73c00000) (1024K)]
  0x0000021e8821fe90 JavaThread "WorkspaceEventsHandler"            [_thread_blocked, id=12492, stack(0x0000001e73d00000,0x0000001e73e00000) (1024K)]
  0x0000021e882218d0 JavaThread "pool-1-thread-1"                   [_thread_blocked, id=1920, stack(0x0000001e73e00000,0x0000001e73f00000) (1024K)]
  0x0000021e882239a0 JavaThread "Timer-0"                           [_thread_blocked, id=17036, stack(0x0000001e74200000,0x0000001e74300000) (1024K)]
  0x0000021e8709ca30 JavaThread "Timer-1"                           [_thread_blocked, id=16332, stack(0x0000001e71000000,0x0000001e71100000) (1024K)]
  0x0000021e8709d0c0 JavaThread "Timer-2"                           [_thread_blocked, id=15860, stack(0x0000001e71100000,0x0000001e71200000) (1024K)]
  0x0000021e870a0bd0 JavaThread "Timer-3"                           [_thread_blocked, id=356, stack(0x0000001e71200000,0x0000001e71300000) (1024K)]
  0x0000021e8709d750 JavaThread "Timer-4"                           [_thread_blocked, id=13212, stack(0x0000001e71300000,0x0000001e71400000) (1024K)]
  0x0000021e8709f820 JavaThread "Timer-5"                           [_thread_blocked, id=16708, stack(0x0000001e6f700000,0x0000001e6f800000) (1024K)]
  0x0000021e870a1260 JavaThread "Timer-6"                           [_thread_blocked, id=12784, stack(0x0000001e70500000,0x0000001e70600000) (1024K)]
  0x0000021e8b3744f0 JavaThread "Worker-25"                         [_thread_blocked, id=16148, stack(0x0000001e74400000,0x0000001e74500000) (1024K)]
  0x0000021e8b373e60 JavaThread "Timer-7"                           [_thread_blocked, id=14612, stack(0x0000001e74c00000,0x0000001e74d00000) (1024K)]
  0x0000021e883efc40 JavaThread "Worker-65"                         [_thread_blocked, id=5524, stack(0x0000001e72300000,0x0000001e72400000) (1024K)]
Total: 46

Other Threads:
  0x0000021e2782e6e0 VMThread "VM Thread"                           [id=14868, stack(0x0000001e6fb00000,0x0000001e6fc00000) (1024K)]
  0x0000021e275fc8d0 WatcherThread "VM Periodic Task Thread"        [id=14428, stack(0x0000001e6fa00000,0x0000001e6fb00000) (1024K)]
  0x0000021e27789a00 WorkerThread "GC Thread#0"                     [id=12184, stack(0x0000001e6f900000,0x0000001e6fa00000) (1024K)]
  0x0000021e81912c70 WorkerThread "GC Thread#1"                     [id=14540, stack(0x0000001e70800000,0x0000001e70900000) (1024K)]
  0x0000021e819d29c0 WorkerThread "GC Thread#2"                     [id=4780, stack(0x0000001e70900000,0x0000001e70a00000) (1024K)]
  0x0000021e819d2d60 WorkerThread "GC Thread#3"                     [id=16072, stack(0x0000001e70a00000,0x0000001e70b00000) (1024K)]
  0x0000021e81b561f0 WorkerThread "GC Thread#4"                     [id=14404, stack(0x0000001e70b00000,0x0000001e70c00000) (1024K)]
  0x0000021e81b56590 WorkerThread "GC Thread#5"                     [id=9212, stack(0x0000001e70c00000,0x0000001e70d00000) (1024K)]
  0x0000021e819d6030 WorkerThread "GC Thread#6"                     [id=13356, stack(0x0000001e70d00000,0x0000001e70e00000) (1024K)]
  0x0000021e819d6b10 WorkerThread "GC Thread#7"                     [id=12728, stack(0x0000001e71700000,0x0000001e71800000) (1024K)]
  0x0000021e819d6770 WorkerThread "GC Thread#8"                     [id=15660, stack(0x0000001e71f00000,0x0000001e72000000) (1024K)]
  0x0000021e819d5c90 WorkerThread "GC Thread#9"                     [id=16232, stack(0x0000001e72000000,0x0000001e72100000) (1024K)]
Total: 12

Threads with active compile tasks:
Total: 0

VM state: not at safepoint (normal execution)

VM Mutex/Monitor currently owned by a thread: None

Heap address: 0x0000000080000000, size: 2048 MB, Compressed Oops mode: 32-bit

CDS archive(s) mapped at: [0x0000021e3f000000-0x0000021e3fba0000-0x0000021e3fba0000), size 12189696, SharedBaseAddress: 0x0000021e3f000000, ArchiveRelocationMode: 1.
Compressed class space mapped at: 0x0000021e40000000-0x0000021e80000000, reserved size: 1073741824
Narrow klass base: 0x0000021e3f000000, Narrow klass shift: 0, Narrow klass range: 0x100000000

GC Precious Log:
 CardTable entry size: 512
 CPUs: 12 total, 12 available
 Memory: 16233M
 Large Page Support: Disabled
 NUMA Support: Disabled
 Compressed Oops: Enabled (32-bit)
 Alignments: Space 512K, Generation 512K, Heap 2M
 Heap Min Capacity: 100M
 Heap Initial Capacity: 100M
 Heap Max Capacity: 2G
 Pre-touch: Disabled
 Parallel Workers: 10

Heap:
 PSYoungGen      total 6144K, used 5814K [0x00000000d5580000, 0x00000000d6080000, 0x0000000100000000)
  eden space 5632K, 94% used [0x00000000d5580000,0x00000000d5ab1990,0x00000000d5b00000)
  from space 512K, 96% used [0x00000000d5f80000,0x00000000d5ffc030,0x00000000d6000000)
  to   space 512K, 0% used [0x00000000d6000000,0x00000000d6000000,0x00000000d6080000)
 ParOldGen       total 1263104K, used 1263084K [0x0000000080000000, 0x00000000cd180000, 0x00000000d5580000)
  object space 1263104K, 99% used [0x0000000080000000,0x00000000cd17b040,0x00000000cd180000)
 Metaspace       used 88412K, committed 90176K, reserved 1179648K
  class space    used 10396K, committed 11200K, reserved 1048576K

Card table byte_map: [0x0000021e27110000,0x0000021e27520000] _byte_map_base: 0x0000021e26d10000

Marking Bits: (ParMarkBitMap*) 0x00007ffff25ca340
 Begin Bits: [0x0000021e39c10000, 0x0000021e3bc10000)
 End Bits:   [0x0000021e3bc10000, 0x0000021e3dc10000)

Polling page: 0x0000021e25560000

Metaspace:

Usage:
  Non-class:     76.19 MB used.
      Class:     10.15 MB used.
       Both:     86.34 MB used.

Virtual space:
  Non-class space:      128.00 MB reserved,      77.12 MB ( 60%) committed,  2 nodes.
      Class space:        1.00 GB reserved,      10.94 MB (  1%) committed,  1 nodes.
             Both:        1.12 GB reserved,      88.06 MB (  8%) committed. 

Chunk freelists:
   Non-Class:  2.91 MB
       Class:  5.03 MB
        Both:  7.93 MB

MaxMetaspaceSize: unlimited
CompressedClassSpaceSize: 1.00 GB
Initial GC threshold: 21.00 MB
Current GC threshold: 132.00 MB
CDS: on
 - commit_granule_bytes: 65536.
 - commit_granule_words: 8192.
 - virtual_space_node_default_size: 8388608.
 - enlarge_chunks_in_place: 1.
 - use_allocation_guard: 0.


Internal statistics:

num_allocs_failed_limit: 9.
num_arena_births: 1714.
num_arena_deaths: 22.
num_vsnodes_births: 3.
num_vsnodes_deaths: 0.
num_space_committed: 1409.
num_space_uncommitted: 0.
num_chunks_returned_to_freelist: 35.
num_chunks_taken_from_freelist: 5582.
num_chunk_merges: 10.
num_chunk_splits: 3528.
num_chunks_enlarged: 2181.
num_inconsistent_stats: 0.

CodeHeap 'non-profiled nmethods': size=120000Kb used=19523Kb max_used=19523Kb free=100476Kb
 bounds [0x0000021e32430000, 0x0000021e33750000, 0x0000021e39960000]
CodeHeap 'profiled nmethods': size=120000Kb used=39085Kb max_used=39085Kb free=80914Kb
 bounds [0x0000021e2a960000, 0x0000021e2cf90000, 0x0000021e31e90000]
CodeHeap 'non-nmethods': size=5760Kb used=1502Kb max_used=1605Kb free=4257Kb
 bounds [0x0000021e31e90000, 0x0000021e32100000, 0x0000021e32430000]
CodeCache: size=245760Kb, used=60110Kb, max_used=60213Kb, free=185647Kb
 total_blobs=16770, nmethods=15945, adapters=728, full_count=0
Compilation: enabled, stopped_count=0, restarted_count=0

Compilation events (20 events):
Event: 50189.454 Thread 0x0000021e81036d50 nmethod 17658 0x0000021e2cf88090 code [0x0000021e2cf882c0, 0x0000021e2cf88c68]
Event: 50189.454 Thread 0x0000021e81036d50 17659   !   3       org.eclipse.core.internal.localstore.SafeChunkyOutputStream::succeed (66 bytes)
Event: 50189.454 Thread 0x0000021e81036d50 nmethod 17659 0x0000021e2cf88f90 code [0x0000021e2cf891c0, 0x0000021e2cf89868]
Event: 50189.454 Thread 0x0000021e81036d50 17660       3       org.eclipse.core.internal.localstore.SafeChunkyOutputStream::endChunk (8 bytes)
Event: 50189.454 Thread 0x0000021e81036d50 nmethod 17660 0x0000021e2cf89c10 code [0x0000021e2cf89de0, 0x0000021e2cf8a198]
Event: 50189.456 Thread 0x0000021e81035f10 nmethod 17654 0x0000021e3373be10 code [0x0000021e3373c020, 0x0000021e3373c518]
Event: 50189.456 Thread 0x0000021e81035f10 17657       4       com.sun.org.apache.xml.internal.serializer.ToStream::escapingNotNeeded (51 bytes)
Event: 50189.456 Thread 0x0000021e81035f10 nmethod 17657 0x0000021e3373c990 code [0x0000021e3373cb20, 0x0000021e3373cbf8]
Event: 50189.460 Thread 0x0000021e81035f10 17661       4       org.eclipse.core.internal.resources.SaveManager$$Lambda/0x0000021e409fc470::visitElement (35 bytes)
Event: 50189.466 Thread 0x0000021e81036d50 17663       3       org.eclipse.core.internal.events.BuildManager::getBuildersPersistentInfo (13 bytes)
Event: 50189.467 Thread 0x0000021e81036d50 nmethod 17663 0x0000021e2cf8a310 code [0x0000021e2cf8a500, 0x0000021e2cf8aa68]
Event: 50189.467 Thread 0x0000021e81036d50 17664       3       org.eclipse.core.internal.dtree.NoDataDeltaNode::isEmptyDelta (11 bytes)
Event: 50189.467 Thread 0x0000021e81036d50 nmethod 17664 0x0000021e2cf8ac90 code [0x0000021e2cf8ae40, 0x0000021e2cf8b098]
Event: 50189.468 Thread 0x0000021e81036d50 17665       3       org.eclipse.core.runtime.Status::isOK (11 bytes)
Event: 50189.468 Thread 0x0000021e81036d50 nmethod 17665 0x0000021e2cf8b190 code [0x0000021e2cf8b340, 0x0000021e2cf8b4b0]
Event: 50189.475 Thread 0x0000021e81035f10 nmethod 17661 0x0000021e3373cc90 code [0x0000021e3373cf40, 0x0000021e3373de80]
Event: 50189.475 Thread 0x0000021e81035f10 17662   !   4       org.eclipse.core.internal.resources.SaveManager::lambda$11 (132 bytes)
Event: 50189.490 Thread 0x0000021e81035f10 nmethod 17662 0x0000021e3373eb90 code [0x0000021e3373ee40, 0x0000021e3373fc80]
Event: 50190.237 Thread 0x0000021e81035f10 17666       4       jdk.internal.misc.CarrierThreadLocal::get (10 bytes)
Event: 50190.239 Thread 0x0000021e81035f10 nmethod 17666 0x0000021e33740910 code [0x0000021e33740ac0, 0x0000021e33740c50]

GC Heap History (20 events):
Event: 49590.675 GC heap before
{Heap before GC invocations=3527 (full 4):
 PSYoungGen      total 7168K, used 7168K [0x00000000d5580000, 0x00000000d6180000, 0x0000000100000000)
  eden space 4096K, 100% used [0x00000000d5580000,0x00000000d5980000,0x00000000d5980000)
  from space 3072K, 100% used [0x00000000d5980000,0x00000000d5c80000,0x00000000d5c80000)
  to   space 3584K, 0% used [0x00000000d5e00000,0x00000000d5e00000,0x00000000d6180000)
 ParOldGen       total 1247232K, used 1246786K [0x0000000080000000, 0x00000000cc200000, 0x00000000d5580000)
  object space 1247232K, 99% used [0x0000000080000000,0x00000000cc190838,0x00000000cc200000)
 Metaspace       used 87980K, committed 89728K, reserved 1179648K
  class space    used 10336K, committed 11136K, reserved 1048576K
}
Event: 49590.682 GC heap after
{Heap after GC invocations=3527 (full 4):
 PSYoungGen      total 8192K, used 3584K [0x00000000d5580000, 0x00000000d6280000, 0x0000000100000000)
  eden space 4608K, 0% used [0x00000000d5580000,0x00000000d5580000,0x00000000d5a00000)
  from space 3584K, 100% used [0x00000000d5e00000,0x00000000d6180000,0x00000000d6180000)
  to   space 4096K, 0% used [0x00000000d5a00000,0x00000000d5a00000,0x00000000d5e00000)
 ParOldGen       total 1249792K, used 1249770K [0x0000000080000000, 0x00000000cc480000, 0x00000000d5580000)
  object space 1249792K, 99% used [0x0000000080000000,0x00000000cc47a878,0x00000000cc480000)
 Metaspace       used 87980K, committed 89728K, reserved 1179648K
  class space    used 10336K, committed 11136K, reserved 1048576K
}
Event: 49590.711 GC heap before
{Heap before GC invocations=3528 (full 4):
 PSYoungGen      total 8192K, used 8191K [0x00000000d5580000, 0x00000000d6280000, 0x0000000100000000)
  eden space 4608K, 99% used [0x00000000d5580000,0x00000000d59ffd28,0x00000000d5a00000)
  from space 3584K, 100% used [0x00000000d5e00000,0x00000000d6180000,0x00000000d6180000)
  to   space 4096K, 0% used [0x00000000d5a00000,0x00000000d5a00000,0x00000000d5e00000)
 ParOldGen       total 1249792K, used 1249770K [0x0000000080000000, 0x00000000cc480000, 0x00000000d5580000)
  object space 1249792K, 99% used [0x0000000080000000,0x00000000cc47a878,0x00000000cc480000)
 Metaspace       used 88004K, committed 89728K, reserved 1179648K
  class space    used 10339K, committed 11136K, reserved 1048576K
}
Event: 49590.721 GC heap after
{Heap after GC invocations=3528 (full 4):
 PSYoungGen      total 8704K, used 3718K [0x00000000d5580000, 0x00000000d6300000, 0x0000000100000000)
  eden space 4608K, 0% used [0x00000000d5580000,0x00000000d5580000,0x00000000d5a00000)
  from space 4096K, 90% used [0x00000000d5a00000,0x00000000d5da1800,0x00000000d5e00000)
  to   space 4096K, 0% used [0x00000000d5f00000,0x00000000d5f00000,0x00000000d6300000)
 ParOldGen       total 1253376K, used 1253226K [0x0000000080000000, 0x00000000cc800000, 0x00000000d5580000)
  object space 1253376K, 99% used [0x0000000080000000,0x00000000cc7da878,0x00000000cc800000)
 Metaspace       used 88004K, committed 89728K, reserved 1179648K
  class space    used 10339K, committed 11136K, reserved 1048576K
}
Event: 49590.943 GC heap before
{Heap before GC invocations=3529 (full 4):
 PSYoungGen      total 8704K, used 8124K [0x00000000d5580000, 0x00000000d6300000, 0x0000000100000000)
  eden space 4608K, 95% used [0x00000000d5580000,0x00000000d59cd8c0,0x00000000d5a00000)
  from space 4096K, 90% used [0x00000000d5a00000,0x00000000d5da1800,0x00000000d5e00000)
  to   space 4096K, 0% used [0x00000000d5f00000,0x00000000d5f00000,0x00000000d6300000)
 ParOldGen       total 1253376K, used 1253226K [0x0000000080000000, 0x00000000cc800000, 0x00000000d5580000)
  object space 1253376K, 99% used [0x0000000080000000,0x00000000cc7da878,0x00000000cc800000)
 Metaspace       used 88232K, committed 89920K, reserved 1179648K
  class space    used 10389K, committed 11136K, reserved 1048576K
}
Event: 49590.949 GC heap after
{Heap after GC invocations=3529 (full 4):
 PSYoungGen      total 7168K, used 1200K [0x00000000d5580000, 0x00000000d6080000, 0x0000000100000000)
  eden space 5632K, 0% used [0x00000000d5580000,0x00000000d5580000,0x00000000d5b00000)
  from space 1536K, 78% used [0x00000000d5f00000,0x00000000d602c000,0x00000000d6080000)
  to   space 2560K, 0% used [0x00000000d5b80000,0x00000000d5b80000,0x00000000d5e00000)
 ParOldGen       total 1256960K, used 1256801K [0x0000000080000000, 0x00000000ccb80000, 0x00000000d5580000)
  object space 1256960K, 99% used [0x0000000080000000,0x00000000ccb58628,0x00000000ccb80000)
 Metaspace       used 88232K, committed 89920K, reserved 1179648K
  class space    used 10389K, committed 11136K, reserved 1048576K
}
Event: 49591.245 GC heap before
{Heap before GC invocations=3530 (full 4):
 PSYoungGen      total 7168K, used 6832K [0x00000000d5580000, 0x00000000d6080000, 0x0000000100000000)
  eden space 5632K, 100% used [0x00000000d5580000,0x00000000d5b00000,0x00000000d5b00000)
  from space 1536K, 78% used [0x00000000d5f00000,0x00000000d602c000,0x00000000d6080000)
  to   space 2560K, 0% used [0x00000000d5b80000,0x00000000d5b80000,0x00000000d5e00000)
 ParOldGen       total 1256960K, used 1256801K [0x0000000080000000, 0x00000000ccb80000, 0x00000000d5580000)
  object space 1256960K, 99% used [0x0000000080000000,0x00000000ccb58628,0x00000000ccb80000)
 Metaspace       used 88232K, committed 89920K, reserved 1179648K
  class space    used 10389K, committed 11136K, reserved 1048576K
}
Event: 49591.252 GC heap after
{Heap after GC invocations=3530 (full 4):
 PSYoungGen      total 8192K, used 2560K [0x00000000d5580000, 0x00000000d6600000, 0x0000000100000000)
  eden space 5632K, 0% used [0x00000000d5580000,0x00000000d5580000,0x00000000d5b00000)
  from space 2560K, 100% used [0x00000000d5b80000,0x00000000d5e00000,0x00000000d5e00000)
  to   space 5632K, 0% used [0x00000000d6080000,0x00000000d6080000,0x00000000d6600000)
 ParOldGen       total 1259008K, used 1258953K [0x0000000080000000, 0x00000000ccd80000, 0x00000000d5580000)
  object space 1259008K, 99% used [0x0000000080000000,0x00000000ccd72628,0x00000000ccd80000)
 Metaspace       used 88232K, committed 89920K, reserved 1179648K
  class space    used 10389K, committed 11136K, reserved 1048576K
}
Event: 49591.460 GC heap before
{Heap before GC invocations=3531 (full 4):
 PSYoungGen      total 8192K, used 8192K [0x00000000d5580000, 0x00000000d6600000, 0x0000000100000000)
  eden space 5632K, 100% used [0x00000000d5580000,0x00000000d5b00000,0x00000000d5b00000)
  from space 2560K, 100% used [0x00000000d5b80000,0x00000000d5e00000,0x00000000d5e00000)
  to   space 5632K, 0% used [0x00000000d6080000,0x00000000d6080000,0x00000000d6600000)
 ParOldGen       total 1259008K, used 1258953K [0x0000000080000000, 0x00000000ccd80000, 0x00000000d5580000)
  object space 1259008K, 99% used [0x0000000080000000,0x00000000ccd72628,0x00000000ccd80000)
 Metaspace       used 88237K, committed 89920K, reserved 1179648K
  class space    used 10389K, committed 11136K, reserved 1048576K
}
Event: 49591.466 GC heap after
{Heap after GC invocations=3531 (full 4):
 PSYoungGen      total 7168K, used 1216K [0x00000000d5580000, 0x00000000d6200000, 0x0000000100000000)
  eden space 5632K, 0% used [0x00000000d5580000,0x00000000d5580000,0x00000000d5b00000)
  from space 1536K, 79% used [0x00000000d6080000,0x00000000d61b0000,0x00000000d6200000)
  to   space 2560K, 0% used [0x00000000d5d00000,0x00000000d5d00000,0x00000000d5f80000)
 ParOldGen       total 1262080K, used 1261537K [0x0000000080000000, 0x00000000cd080000, 0x00000000d5580000)
  object space 1262080K, 99% used [0x0000000080000000,0x00000000ccff8628,0x00000000cd080000)
 Metaspace       used 88237K, committed 89920K, reserved 1179648K
  class space    used 10389K, committed 11136K, reserved 1048576K
}
Event: 49591.585 GC heap before
{Heap before GC invocations=3532 (full 4):
 PSYoungGen      total 7168K, used 6848K [0x00000000d5580000, 0x00000000d6200000, 0x0000000100000000)
  eden space 5632K, 100% used [0x00000000d5580000,0x00000000d5b00000,0x00000000d5b00000)
  from space 1536K, 79% used [0x00000000d6080000,0x00000000d61b0000,0x00000000d6200000)
  to   space 2560K, 0% used [0x00000000d5d00000,0x00000000d5d00000,0x00000000d5f80000)
 ParOldGen       total 1262080K, used 1261537K [0x0000000080000000, 0x00000000cd080000, 0x00000000d5580000)
  object space 1262080K, 99% used [0x0000000080000000,0x00000000ccff8628,0x00000000cd080000)
 Metaspace       used 88245K, committed 89920K, reserved 1179648K
  class space    used 10389K, committed 11136K, reserved 1048576K
}
Event: 49591.589 GC heap after
{Heap after GC invocations=3532 (full 4):
 PSYoungGen      total 8192K, used 160K [0x00000000d5580000, 0x00000000d6100000, 0x0000000100000000)
  eden space 5632K, 0% used [0x00000000d5580000,0x00000000d5580000,0x00000000d5b00000)
  from space 2560K, 6% used [0x00000000d5d00000,0x00000000d5d28000,0x00000000d5f80000)
  to   space 1024K, 0% used [0x00000000d6000000,0x00000000d6000000,0x00000000d6100000)
 ParOldGen       total 1262592K, used 1262569K [0x0000000080000000, 0x00000000cd100000, 0x00000000d5580000)
  object space 1262592K, 99% used [0x0000000080000000,0x00000000cd0fa638,0x00000000cd100000)
 Metaspace       used 88245K, committed 89920K, reserved 1179648K
  class space    used 10389K, committed 11136K, reserved 1048576K
}
Event: 49591.674 GC heap before
{Heap before GC invocations=3533 (full 4):
 PSYoungGen      total 8192K, used 5792K [0x00000000d5580000, 0x00000000d6100000, 0x0000000100000000)
  eden space 5632K, 100% used [0x00000000d5580000,0x00000000d5b00000,0x00000000d5b00000)
  from space 2560K, 6% used [0x00000000d5d00000,0x00000000d5d28000,0x00000000d5f80000)
  to   space 1024K, 0% used [0x00000000d6000000,0x00000000d6000000,0x00000000d6100000)
 ParOldGen       total 1262592K, used 1262569K [0x0000000080000000, 0x00000000cd100000, 0x00000000d5580000)
  object space 1262592K, 99% used [0x0000000080000000,0x00000000cd0fa638,0x00000000cd100000)
 Metaspace       used 88263K, committed 89984K, reserved 1179648K
  class space    used 10389K, committed 11136K, reserved 1048576K
}
Event: 49591.677 GC heap after
{Heap after GC invocations=3533 (full 4):
 PSYoungGen      total 6144K, used 320K [0x00000000d5580000, 0x00000000d6080000, 0x0000000100000000)
  eden space 5632K, 0% used [0x00000000d5580000,0x00000000d5580000,0x00000000d5b00000)
  from space 512K, 62% used [0x00000000d6000000,0x00000000d6050000,0x00000000d6080000)
  to   space 512K, 0% used [0x00000000d5f80000,0x00000000d5f80000,0x00000000d6000000)
 ParOldGen       total 1263104K, used 1262633K [0x0000000080000000, 0x00000000cd180000, 0x00000000d5580000)
  object space 1263104K, 99% used [0x0000000080000000,0x00000000cd10a638,0x00000000cd180000)
 Metaspace       used 88263K, committed 89984K, reserved 1179648K
  class space    used 10389K, committed 11136K, reserved 1048576K
}
Event: 49591.730 GC heap before
{Heap before GC invocations=3534 (full 4):
 PSYoungGen      total 6144K, used 5952K [0x00000000d5580000, 0x00000000d6080000, 0x0000000100000000)
  eden space 5632K, 100% used [0x00000000d5580000,0x00000000d5b00000,0x00000000d5b00000)
  from space 512K, 62% used [0x00000000d6000000,0x00000000d6050000,0x00000000d6080000)
  to   space 512K, 0% used [0x00000000d5f80000,0x00000000d5f80000,0x00000000d6000000)
 ParOldGen       total 1263104K, used 1262633K [0x0000000080000000, 0x00000000cd180000, 0x00000000d5580000)
  object space 1263104K, 99% used [0x0000000080000000,0x00000000cd10a638,0x00000000cd180000)
 Metaspace       used 88263K, committed 89984K, reserved 1179648K
  class space    used 10389K, committed 11136K, reserved 1048576K
}
Event: 49591.732 GC heap after
{Heap after GC invocations=3534 (full 4):
 PSYoungGen      total 6144K, used 224K [0x00000000d5580000, 0x00000000d6080000, 0x0000000100000000)
  eden space 5632K, 0% used [0x00000000d5580000,0x00000000d5580000,0x00000000d5b00000)
  from space 512K, 43% used [0x00000000d5f80000,0x00000000d5fb8000,0x00000000d6000000)
  to   space 512K, 0% used [0x00000000d6000000,0x00000000d6000000,0x00000000d6080000)
 ParOldGen       total 1263104K, used 1262681K [0x0000000080000000, 0x00000000cd180000, 0x00000000d5580000)
  object space 1263104K, 99% used [0x0000000080000000,0x00000000cd116638,0x00000000cd180000)
 Metaspace       used 88263K, committed 89984K, reserved 1179648K
  class space    used 10389K, committed 11136K, reserved 1048576K
}
Event: 49612.207 GC heap before
{Heap before GC invocations=3535 (full 4):
 PSYoungGen      total 6144K, used 5856K [0x00000000d5580000, 0x00000000d6080000, 0x0000000100000000)
  eden space 5632K, 100% used [0x00000000d5580000,0x00000000d5b00000,0x00000000d5b00000)
  from space 512K, 43% used [0x00000000d5f80000,0x00000000d5fb8000,0x00000000d6000000)
  to   space 512K, 0% used [0x00000000d6000000,0x00000000d6000000,0x00000000d6080000)
 ParOldGen       total 1263104K, used 1262681K [0x0000000080000000, 0x00000000cd180000, 0x00000000d5580000)
  object space 1263104K, 99% used [0x0000000080000000,0x00000000cd116638,0x00000000cd180000)
 Metaspace       used 88273K, committed 90048K, reserved 1179648K
  class space    used 10392K, committed 11200K, reserved 1048576K
}
Event: 49612.209 GC heap after
{Heap after GC invocations=3535 (full 4):
 PSYoungGen      total 6144K, used 288K [0x00000000d5580000, 0x00000000d6080000, 0x0000000100000000)
  eden space 5632K, 0% used [0x00000000d5580000,0x00000000d5580000,0x00000000d5b00000)
  from space 512K, 56% used [0x00000000d6000000,0x00000000d6048000,0x00000000d6080000)
  to   space 512K, 0% used [0x00000000d5f80000,0x00000000d5f80000,0x00000000d6000000)
 ParOldGen       total 1263104K, used 1262713K [0x0000000080000000, 0x00000000cd180000, 0x00000000d5580000)
  object space 1263104K, 99% used [0x0000000080000000,0x00000000cd11e638,0x00000000cd180000)
 Metaspace       used 88273K, committed 90048K, reserved 1179648K
  class space    used 10392K, committed 11200K, reserved 1048576K
}
Event: 49890.272 GC heap before
{Heap before GC invocations=3536 (full 4):
 PSYoungGen      total 6144K, used 5920K [0x00000000d5580000, 0x00000000d6080000, 0x0000000100000000)
  eden space 5632K, 100% used [0x00000000d5580000,0x00000000d5b00000,0x00000000d5b00000)
  from space 512K, 56% used [0x00000000d6000000,0x00000000d6048000,0x00000000d6080000)
  to   space 512K, 0% used [0x00000000d5f80000,0x00000000d5f80000,0x00000000d6000000)
 ParOldGen       total 1263104K, used 1262713K [0x0000000080000000, 0x00000000cd180000, 0x00000000d5580000)
  object space 1263104K, 99% used [0x0000000080000000,0x00000000cd11e638,0x00000000cd180000)
 Metaspace       used 88322K, committed 90112K, reserved 1179648K
  class space    used 10396K, committed 11200K, reserved 1048576K
}
Event: 49890.276 GC heap after
{Heap after GC invocations=3536 (full 4):
 PSYoungGen      total 6144K, used 496K [0x00000000d5580000, 0x00000000d6080000, 0x0000000100000000)
  eden space 5632K, 0% used [0x00000000d5580000,0x00000000d5580000,0x00000000d5b00000)
  from space 512K, 96% used [0x00000000d5f80000,0x00000000d5ffc030,0x00000000d6000000)
  to   space 512K, 0% used [0x00000000d6000000,0x00000000d6000000,0x00000000d6080000)
 ParOldGen       total 1263104K, used 1263084K [0x0000000080000000, 0x00000000cd180000, 0x00000000d5580000)
  object space 1263104K, 99% used [0x0000000080000000,0x00000000cd17b040,0x00000000cd180000)
 Metaspace       used 88322K, committed 90112K, reserved 1179648K
  class space    used 10396K, committed 11200K, reserved 1048576K
}

Dll operation events (15 events):
Event: 0.013 Loaded shared library c:\Users\Admin\.vscode\extensions\redhat.java-1.44.0-win32-x64\jre\21.0.8-win32-x86_64\bin\java.dll
Event: 0.090 Loaded shared library c:\Users\Admin\.vscode\extensions\redhat.java-1.44.0-win32-x64\jre\21.0.8-win32-x86_64\bin\zip.dll
Event: 0.120 Loaded shared library C:\Users\Admin\.vscode\extensions\redhat.java-1.44.0-win32-x64\jre\21.0.8-win32-x86_64\bin\instrument.dll
Event: 0.126 Loaded shared library C:\Users\Admin\.vscode\extensions\redhat.java-1.44.0-win32-x64\jre\21.0.8-win32-x86_64\bin\net.dll
Event: 0.129 Loaded shared library C:\Users\Admin\.vscode\extensions\redhat.java-1.44.0-win32-x64\jre\21.0.8-win32-x86_64\bin\nio.dll
Event: 0.133 Loaded shared library C:\Users\Admin\.vscode\extensions\redhat.java-1.44.0-win32-x64\jre\21.0.8-win32-x86_64\bin\zip.dll
Event: 0.159 Loaded shared library C:\Users\Admin\.vscode\extensions\redhat.java-1.44.0-win32-x64\jre\21.0.8-win32-x86_64\bin\jimage.dll
Event: 0.262 Loaded shared library c:\Users\Admin\.vscode\extensions\redhat.java-1.44.0-win32-x64\jre\21.0.8-win32-x86_64\bin\verify.dll
Event: 1.838 Loaded shared library C:\Users\Admin\AppData\Roaming\Code\User\globalStorage\redhat.java\1.44.0\config_win\org.eclipse.equinox.launcher\org.eclipse.equinox.launcher.win32.win32.x86_64_1.2.1400.v20250730-1736\eclipse_11913.dll
Event: 3.188 Loaded shared library C:\Users\Admin\.vscode\extensions\redhat.java-1.44.0-win32-x64\jre\21.0.8-win32-x86_64\bin\management.dll
Event: 3.190 Loaded shared library C:\Users\Admin\.vscode\extensions\redhat.java-1.44.0-win32-x64\jre\21.0.8-win32-x86_64\bin\management_ext.dll
Event: 4.607 Loaded shared library C:\Users\Admin\AppData\Local\Temp\jna-63116079\jna12897672612708360241.dll
Event: 4.938 Loaded shared library C:\Users\Admin\.vscode\extensions\redhat.java-1.44.0-win32-x64\jre\21.0.8-win32-x86_64\bin\sunmscapi.dll
Event: 5.047 Loaded shared library C:\Users\Admin\.vscode\extensions\redhat.java-1.44.0-win32-x64\jre\21.0.8-win32-x86_64\bin\extnet.dll
Event: 36.961 Loaded shared library C:\Users\Admin\.gradle\native\1def1411415f61bf3af743bc5b6707747c0891f09f0c88961ee8f79bc544acac\windows-amd64\native-platform.dll

Deoptimization events (20 events):
Event: 50166.308 Thread 0x0000021e883efc40 Uncommon trap: trap_request=0xffffffde fr.pc=0x0000021e334ccd88 relative=0x0000000000001448
Event: 50166.308 Thread 0x0000021e883efc40 Uncommon trap: reason=class_check action=maybe_recompile pc=0x0000021e334ccd88 method=org.eclipse.core.internal.dtree.AbstractDataTreeNode.storeStrings(Lorg/eclipse/core/internal/utils/StringPool;)V @ 31 c2
Event: 50166.308 Thread 0x0000021e883efc40 DEOPT PACKING pc=0x0000021e334ccd88 sp=0x0000001e723fee30
Event: 50166.308 Thread 0x0000021e883efc40 DEOPT UNPACKING pc=0x0000021e31ee3aa2 sp=0x0000001e723fee28 mode 2
Event: 50166.308 Thread 0x0000021e883efc40 Uncommon trap: trap_request=0xffffffde fr.pc=0x0000021e334ccd88 relative=0x0000000000001448
Event: 50166.308 Thread 0x0000021e883efc40 Uncommon trap: reason=class_check action=maybe_recompile pc=0x0000021e334ccd88 method=org.eclipse.core.internal.dtree.AbstractDataTreeNode.storeStrings(Lorg/eclipse/core/internal/utils/StringPool;)V @ 31 c2
Event: 50166.308 Thread 0x0000021e883efc40 DEOPT PACKING pc=0x0000021e334ccd88 sp=0x0000001e723feef0
Event: 50166.308 Thread 0x0000021e883efc40 DEOPT UNPACKING pc=0x0000021e31ee3aa2 sp=0x0000001e723feee8 mode 2
Event: 50166.308 Thread 0x0000021e883efc40 Uncommon trap: trap_request=0xffffffde fr.pc=0x0000021e334ccd88 relative=0x0000000000001448
Event: 50166.308 Thread 0x0000021e883efc40 Uncommon trap: reason=class_check action=maybe_recompile pc=0x0000021e334ccd88 method=org.eclipse.core.internal.dtree.AbstractDataTreeNode.storeStrings(Lorg/eclipse/core/internal/utils/StringPool;)V @ 31 c2
Event: 50166.308 Thread 0x0000021e883efc40 DEOPT PACKING pc=0x0000021e334ccd88 sp=0x0000001e723fee30
Event: 50166.308 Thread 0x0000021e883efc40 DEOPT UNPACKING pc=0x0000021e31ee3aa2 sp=0x0000001e723fee28 mode 2
Event: 50189.453 Thread 0x0000021e883efc40 Uncommon trap: trap_request=0xffffffc6 fr.pc=0x0000021e331825cc relative=0x0000000000001e6c
Event: 50189.453 Thread 0x0000021e883efc40 Uncommon trap: reason=bimorphic_or_optimized_type_check action=maybe_recompile pc=0x0000021e331825cc method=org.eclipse.core.internal.dtree.AbstractDataTreeNode.assembleWith([Lorg/eclipse/core/internal/dtree/AbstractDataTreeNode;[Lorg/eclipse/core/interna
Event: 50189.453 Thread 0x0000021e883efc40 DEOPT PACKING pc=0x0000021e331825cc sp=0x0000001e723febf0
Event: 50189.453 Thread 0x0000021e883efc40 DEOPT UNPACKING pc=0x0000021e31ee3aa2 sp=0x0000001e723feba0 mode 2
Event: 50189.453 Thread 0x0000021e883efc40 Uncommon trap: trap_request=0xffffffc6 fr.pc=0x0000021e331825cc relative=0x0000000000001e6c
Event: 50189.453 Thread 0x0000021e883efc40 Uncommon trap: reason=bimorphic_or_optimized_type_check action=maybe_recompile pc=0x0000021e331825cc method=org.eclipse.core.internal.dtree.AbstractDataTreeNode.assembleWith([Lorg/eclipse/core/internal/dtree/AbstractDataTreeNode;[Lorg/eclipse/core/interna
Event: 50189.453 Thread 0x0000021e883efc40 DEOPT PACKING pc=0x0000021e331825cc sp=0x0000001e723fecf0
Event: 50189.453 Thread 0x0000021e883efc40 DEOPT UNPACKING pc=0x0000021e31ee3aa2 sp=0x0000001e723feca0 mode 2

Classes loaded (20 events):
Event: 5378.675 Loading class sun/nio/cs/ThreadLocalCoders$Cache done
Event: 5378.675 Loading class sun/nio/cs/ThreadLocalCoders$1 done
Event: 5378.675 Loading class sun/nio/cs/ThreadLocalCoders$2
Event: 5378.675 Loading class sun/nio/cs/ThreadLocalCoders$2 done
Event: 5379.375 Loading class java/util/stream/ReduceOps$4
Event: 5379.375 Loading class java/util/stream/ReduceOps$4 done
Event: 5379.375 Loading class java/util/stream/ReduceOps$4ReducingSink
Event: 5379.375 Loading class java/util/stream/ReduceOps$4ReducingSink done
Event: 5379.376 Loading class java/nio/file/Files$2
Event: 5379.377 Loading class java/nio/file/Files$2 done
Event: 5379.704 Loading class java/util/Hashtable$ValueCollection
Event: 5379.705 Loading class java/util/Hashtable$ValueCollection done
Event: 49589.893 Loading class java/lang/invoke/MethodHandleImpl$CountingWrapper$1
Event: 49589.894 Loading class java/lang/invoke/MethodHandleImpl$CountingWrapper$1 done
Event: 49589.954 Loading class java/lang/Throwable$WrappedPrintWriter
Event: 49589.956 Loading class java/lang/Throwable$PrintStreamOrWriter
Event: 49589.956 Loading class java/lang/Throwable$PrintStreamOrWriter done
Event: 49589.956 Loading class java/lang/Throwable$WrappedPrintWriter done
Event: 49590.560 Loading class java/util/concurrent/ConcurrentHashMap$KeySpliterator
Event: 49590.561 Loading class java/util/concurrent/ConcurrentHashMap$KeySpliterator done

Classes unloaded (11 events):
Event: 3.892 Thread 0x0000021e2782e6e0 Unloading class 0x0000021e401b4800 'java/lang/invoke/LambdaForm$MH+0x0000021e401b4800'
Event: 3.892 Thread 0x0000021e2782e6e0 Unloading class 0x0000021e401b4400 'java/lang/invoke/LambdaForm$MH+0x0000021e401b4400'
Event: 3.892 Thread 0x0000021e2782e6e0 Unloading class 0x0000021e401b4000 'java/lang/invoke/LambdaForm$MH+0x0000021e401b4000'
Event: 3.892 Thread 0x0000021e2782e6e0 Unloading class 0x0000021e401b3c00 'java/lang/invoke/LambdaForm$MH+0x0000021e401b3c00'
Event: 3.892 Thread 0x0000021e2782e6e0 Unloading class 0x0000021e401b3800 'java/lang/invoke/LambdaForm$BMH+0x0000021e401b3800'
Event: 3.892 Thread 0x0000021e2782e6e0 Unloading class 0x0000021e401b3400 'java/lang/invoke/LambdaForm$DMH+0x0000021e401b3400'
Event: 3.892 Thread 0x0000021e2782e6e0 Unloading class 0x0000021e401b2000 'java/lang/invoke/LambdaForm$DMH+0x0000021e401b2000'
Event: 4.895 Thread 0x0000021e2782e6e0 Unloading class 0x0000021e40351400 'java/lang/invoke/LambdaForm$MH+0x0000021e40351400'
Event: 4.895 Thread 0x0000021e2782e6e0 Unloading class 0x0000021e40350800 'java/lang/invoke/LambdaForm$MH+0x0000021e40350800'
Event: 4.895 Thread 0x0000021e2782e6e0 Unloading class 0x0000021e40350000 'java/lang/invoke/LambdaForm$MH+0x0000021e40350000'
Event: 4.895 Thread 0x0000021e2782e6e0 Unloading class 0x0000021e4034f400 'java/lang/invoke/LambdaForm$MH+0x0000021e4034f400'

Classes redefined (0 events):
No events

Internal exceptions (20 events):
Event: 49590.575 Thread 0x0000021e883efc40 Exception <a 'java/lang/NoSuchMethodError'{0x00000000d55c4990}: 'java.lang.Object java.lang.invoke.DirectMethodHandle$Holder.newInvokeSpecial(java.lang.Object, java.lang.Object, int, int, java.lang.Object)'> (0x00000000d55c4990) 
thrown [s\src\hotspot\share\interpreter\linkResolver.cpp, line 773]
Event: 49591.378 Thread 0x0000021e862fa320 Exception <a 'sun/nio/fs/WindowsException'{0x00000000d565a320}> (0x00000000d565a320) 
thrown [s\src\hotspot\share\prims\jni.cpp, line 520]
Event: 49591.379 Thread 0x0000021e862fa320 Exception <a 'sun/nio/fs/WindowsException'{0x00000000d565c148}> (0x00000000d565c148) 
thrown [s\src\hotspot\share\prims\jni.cpp, line 520]
Event: 49591.381 Thread 0x0000021e862fa320 Exception <a 'sun/nio/fs/WindowsException'{0x00000000d567f548}> (0x00000000d567f548) 
thrown [s\src\hotspot\share\prims\jni.cpp, line 520]
Event: 49591.381 Thread 0x0000021e862fa320 Exception <a 'sun/nio/fs/WindowsException'{0x00000000d5681eb8}> (0x00000000d5681eb8) 
thrown [s\src\hotspot\share\prims\jni.cpp, line 520]
Event: 49591.381 Thread 0x0000021e862fa320 Exception <a 'sun/nio/fs/WindowsException'{0x00000000d5684518}> (0x00000000d5684518) 
thrown [s\src\hotspot\share\prims\jni.cpp, line 520]
Event: 49591.382 Thread 0x0000021e862fa320 Exception <a 'sun/nio/fs/WindowsException'{0x00000000d5686b70}> (0x00000000d5686b70) 
thrown [s\src\hotspot\share\prims\jni.cpp, line 520]
Event: 49591.382 Thread 0x0000021e862fa320 Exception <a 'sun/nio/fs/WindowsException'{0x00000000d5689150}> (0x00000000d5689150) 
thrown [s\src\hotspot\share\prims\jni.cpp, line 520]
Event: 49591.421 Thread 0x0000021e8a192c20 Exception <a 'sun/nio/fs/WindowsException'{0x00000000d582dfa8}> (0x00000000d582dfa8) 
thrown [s\src\hotspot\share\prims\jni.cpp, line 520]
Event: 49591.421 Thread 0x0000021e8a192c20 Exception <a 'sun/nio/fs/WindowsException'{0x00000000d582e7b8}> (0x00000000d582e7b8) 
thrown [s\src\hotspot\share\prims\jni.cpp, line 520]
Event: 49591.421 Thread 0x0000021e8a192c20 Exception <a 'sun/nio/fs/WindowsException'{0x00000000d582f5d8}> (0x00000000d582f5d8) 
thrown [s\src\hotspot\share\prims\jni.cpp, line 520]
Event: 49591.421 Thread 0x0000021e8a192c20 Exception <a 'sun/nio/fs/WindowsException'{0x00000000d582fdc8}> (0x00000000d582fdc8) 
thrown [s\src\hotspot\share\prims\jni.cpp, line 520]
Event: 49591.421 Thread 0x0000021e8a192c20 Exception <a 'sun/nio/fs/WindowsException'{0x00000000d5831260}> (0x00000000d5831260) 
thrown [s\src\hotspot\share\prims\jni.cpp, line 520]
Event: 49591.421 Thread 0x0000021e8a192c20 Exception <a 'sun/nio/fs/WindowsException'{0x00000000d5831a50}> (0x00000000d5831a50) 
thrown [s\src\hotspot\share\prims\jni.cpp, line 520]
Event: 49612.329 Thread 0x0000021e882218d0 Exception <a 'sun/nio/fs/WindowsException'{0x00000000d5636570}> (0x00000000d5636570) 
thrown [s\src\hotspot\share\prims\jni.cpp, line 520]
Event: 49612.329 Thread 0x0000021e882218d0 Exception <a 'sun/nio/fs/WindowsException'{0x00000000d5636ab0}> (0x00000000d5636ab0) 
thrown [s\src\hotspot\share\prims\jni.cpp, line 520]
Event: 49612.330 Thread 0x0000021e882218d0 Exception <a 'sun/nio/fs/WindowsException'{0x00000000d5637a40}> (0x00000000d5637a40) 
thrown [s\src\hotspot\share\prims\jni.cpp, line 520]
Event: 49612.330 Thread 0x0000021e882218d0 Exception <a 'sun/nio/fs/WindowsException'{0x00000000d5637f80}> (0x00000000d5637f80) 
thrown [s\src\hotspot\share\prims\jni.cpp, line 520]
Event: 49889.075 Thread 0x0000021e8b3744f0 Exception <a 'sun/nio/fs/WindowsException'{0x00000000d576fba0}> (0x00000000d576fba0) 
thrown [s\src\hotspot\share\prims\jni.cpp, line 520]
Event: 49889.076 Thread 0x0000021e8b3744f0 Exception <a 'sun/nio/fs/WindowsException'{0x00000000d577d318}> (0x00000000d577d318) 
thrown [s\src\hotspot\share\prims\jni.cpp, line 520]

ZGC Phase Switch (0 events):
No events

VM Operations (20 events):
Event: 50274.544 Executing VM operation: HandshakeAllThreads (HandshakeForDeflation)
Event: 50274.544 Executing VM operation: HandshakeAllThreads (HandshakeForDeflation) done
Event: 50274.544 Executing VM operation: RendezvousGCThreads
Event: 50274.544 Executing VM operation: RendezvousGCThreads done
Event: 50334.705 Executing VM operation: HandshakeAllThreads (HandshakeForDeflation)
Event: 50334.705 Executing VM operation: HandshakeAllThreads (HandshakeForDeflation) done
Event: 50334.705 Executing VM operation: RendezvousGCThreads
Event: 50334.705 Executing VM operation: RendezvousGCThreads done
Event: 50394.718 Executing VM operation: HandshakeAllThreads (HandshakeForDeflation)
Event: 50394.718 Executing VM operation: HandshakeAllThreads (HandshakeForDeflation) done
Event: 50394.718 Executing VM operation: RendezvousGCThreads
Event: 50394.718 Executing VM operation: RendezvousGCThreads done
Event: 50454.817 Executing VM operation: HandshakeAllThreads (HandshakeForDeflation)
Event: 50454.817 Executing VM operation: HandshakeAllThreads (HandshakeForDeflation) done
Event: 50454.817 Executing VM operation: RendezvousGCThreads
Event: 50454.817 Executing VM operation: RendezvousGCThreads done
Event: 50514.929 Executing VM operation: HandshakeAllThreads (HandshakeForDeflation)
Event: 50514.929 Executing VM operation: HandshakeAllThreads (HandshakeForDeflation) done
Event: 50514.929 Executing VM operation: RendezvousGCThreads
Event: 50514.929 Executing VM operation: RendezvousGCThreads done

Memory protections (0 events):
No events

Nmethod flushes (20 events):
Event: 593.611 Thread 0x0000021e2782e6e0 flushing  nmethod 0x0000021e2b79b310
Event: 593.611 Thread 0x0000021e2782e6e0 flushing  nmethod 0x0000021e2b79c390
Event: 593.611 Thread 0x0000021e2782e6e0 flushing  nmethod 0x0000021e2b79db90
Event: 593.611 Thread 0x0000021e2782e6e0 flushing  nmethod 0x0000021e2b7be690
Event: 593.611 Thread 0x0000021e2782e6e0 flushing  nmethod 0x0000021e2b7beb10
Event: 593.611 Thread 0x0000021e2782e6e0 flushing  nmethod 0x0000021e2b7bf990
Event: 593.611 Thread 0x0000021e2782e6e0 flushing  nmethod 0x0000021e2b7d8110
Event: 593.611 Thread 0x0000021e2782e6e0 flushing  nmethod 0x0000021e2b7e8410
Event: 593.611 Thread 0x0000021e2782e6e0 flushing  nmethod 0x0000021e2b7ebf90
Event: 593.611 Thread 0x0000021e2782e6e0 flushing  nmethod 0x0000021e2b7eed10
Event: 593.611 Thread 0x0000021e2782e6e0 flushing  nmethod 0x0000021e2b7f5a90
Event: 593.611 Thread 0x0000021e2782e6e0 flushing  nmethod 0x0000021e2b801c10
Event: 593.611 Thread 0x0000021e2782e6e0 flushing  nmethod 0x0000021e2b81d490
Event: 593.611 Thread 0x0000021e2782e6e0 flushing  nmethod 0x0000021e2b820710
Event: 593.611 Thread 0x0000021e2782e6e0 flushing  nmethod 0x0000021e2b820f90
Event: 593.611 Thread 0x0000021e2782e6e0 flushing  nmethod 0x0000021e2b832310
Event: 593.611 Thread 0x0000021e2782e6e0 flushing  nmethod 0x0000021e2b834c90
Event: 593.611 Thread 0x0000021e2782e6e0 flushing  nmethod 0x0000021e2b836090
Event: 593.611 Thread 0x0000021e2782e6e0 flushing  nmethod 0x0000021e2b83a790
Event: 593.611 Thread 0x0000021e2782e6e0 flushing  nmethod 0x0000021e2b862b90

Events (20 events):
Event: 49890.596 Thread 0x0000021e883edb70 Thread exited: 0x0000021e883edb70
Event: 49890.598 Thread 0x0000021e883f1d10 Thread exited: 0x0000021e883f1d10
Event: 49890.613 Thread 0x0000021e8a1911e0 Thread exited: 0x0000021e8a1911e0
Event: 49890.659 Thread 0x0000021e8a190b50 Thread exited: 0x0000021e8a190b50
Event: 49890.671 Thread 0x0000021e8a191870 Thread exited: 0x0000021e8a191870
Event: 49890.673 Thread 0x0000021e8a191f00 Thread exited: 0x0000021e8a191f00
Event: 49890.684 Thread 0x0000021e8a192590 Thread exited: 0x0000021e8a192590
Event: 49891.329 Thread 0x0000021e8868dae0 Thread exited: 0x0000021e8868dae0
Event: 49891.329 Thread 0x0000021e8868c670 Thread exited: 0x0000021e8868c670
Event: 49950.320 Thread 0x0000021e8a193940 Thread exited: 0x0000021e8a193940
Event: 50189.452 Thread 0x0000021e883efc40 Thread added: 0x0000021e8a1911e0
Event: 50189.452 Thread 0x0000021e8a1911e0 Thread exited: 0x0000021e8a1911e0
Event: 50190.236 Thread 0x0000021e8a192c20 Thread exited: 0x0000021e8a192c20
Event: 50190.237 Thread 0x0000021e883eb410 Thread exited: 0x0000021e883eb410
Event: 50190.237 Thread 0x0000021e883ebaa0 Thread exited: 0x0000021e883ebaa0
Event: 50190.237 Thread 0x0000021e883ea6f0 Thread exited: 0x0000021e883ea6f0
Event: 50190.237 Thread 0x0000021e883ece50 Thread exited: 0x0000021e883ece50
Event: 50190.237 Thread 0x0000021e883ee200 Thread exited: 0x0000021e883ee200
Event: 50190.237 Thread 0x0000021e8a18f7a0 Thread exited: 0x0000021e8a18f7a0
Event: 50190.237 Thread 0x0000021e883ec7c0 Thread exited: 0x0000021e883ec7c0


Dynamic libraries:
0x00007ff7c3910000 - 0x00007ff7c391e000 	c:\Users\Admin\.vscode\extensions\redhat.java-1.44.0-win32-x64\jre\21.0.8-win32-x86_64\bin\java.exe
0x00007ff88c460000 - 0x00007ff88c6c8000 	C:\Windows\SYSTEM32\ntdll.dll
0x00007ff88b600000 - 0x00007ff88b6c9000 	C:\Windows\System32\KERNEL32.DLL
0x00007ff889860000 - 0x00007ff889c4d000 	C:\Windows\System32\KERNELBASE.dll
0x00007ff88a010000 - 0x00007ff88a15b000 	C:\Windows\System32\ucrtbase.dll
0x00007ff85e810000 - 0x00007ff85e82e000 	c:\Users\Admin\.vscode\extensions\redhat.java-1.44.0-win32-x64\jre\21.0.8-win32-x86_64\bin\VCRUNTIME140.dll
0x00007ff8634d0000 - 0x00007ff8634e8000 	c:\Users\Admin\.vscode\extensions\redhat.java-1.44.0-win32-x64\jre\21.0.8-win32-x86_64\bin\jli.dll
0x00007ff88b7d0000 - 0x00007ff88b99c000 	C:\Windows\System32\USER32.dll
0x00007ff878db0000 - 0x00007ff87904a000 	C:\Windows\WinSxS\amd64_microsoft.windows.common-controls_6595b64144ccf1df_6.0.26100.4484_none_3e0e6d4ce32ef3b3\COMCTL32.dll
0x00007ff889ce0000 - 0x00007ff889d07000 	C:\Windows\System32\win32u.dll
0x00007ff88a690000 - 0x00007ff88a739000 	C:\Windows\System32\msvcrt.dll
0x00007ff88a2f0000 - 0x00007ff88a31b000 	C:\Windows\System32\GDI32.dll
0x00007ff889720000 - 0x00007ff889857000 	C:\Windows\System32\gdi32full.dll
0x00007ff8895b0000 - 0x00007ff889653000 	C:\Windows\System32\msvcp_win.dll
0x00007ff88b4a0000 - 0x00007ff88b4cf000 	C:\Windows\System32\IMM32.DLL
0x00007ff870d20000 - 0x00007ff870d2c000 	c:\Users\Admin\.vscode\extensions\redhat.java-1.44.0-win32-x64\jre\21.0.8-win32-x86_64\bin\vcruntime140_1.dll
0x00007ff834ed0000 - 0x00007ff834f5d000 	c:\Users\Admin\.vscode\extensions\redhat.java-1.44.0-win32-x64\jre\21.0.8-win32-x86_64\bin\msvcp140.dll
0x00007ffff1910000 - 0x00007ffff26a7000 	c:\Users\Admin\.vscode\extensions\redhat.java-1.44.0-win32-x64\jre\21.0.8-win32-x86_64\bin\server\jvm.dll
0x00007ff88b9a0000 - 0x00007ff88ba54000 	C:\Windows\System32\ADVAPI32.dll
0x00007ff88ba60000 - 0x00007ff88bb06000 	C:\Windows\System32\sechost.dll
0x00007ff88b4e0000 - 0x00007ff88b5f8000 	C:\Windows\System32\RPCRT4.dll
0x00007ff88a200000 - 0x00007ff88a274000 	C:\Windows\System32\WS2_32.dll
0x00007ff888d90000 - 0x00007ff888dee000 	C:\Windows\SYSTEM32\POWRPROF.dll
0x00007ff87bfc0000 - 0x00007ff87bff5000 	C:\Windows\SYSTEM32\WINMM.dll
0x00007ff883db0000 - 0x00007ff883dbb000 	C:\Windows\SYSTEM32\VERSION.dll
0x00007ff888d00000 - 0x00007ff888d14000 	C:\Windows\SYSTEM32\UMPDC.dll
0x00007ff888350000 - 0x00007ff88836b000 	C:\Windows\SYSTEM32\kernel.appcore.dll
0x00007ff86c0d0000 - 0x00007ff86c0da000 	c:\Users\Admin\.vscode\extensions\redhat.java-1.44.0-win32-x64\jre\21.0.8-win32-x86_64\bin\jimage.dll
0x00007ff879b90000 - 0x00007ff879dd1000 	C:\Windows\SYSTEM32\DBGHELP.DLL
0x00007ff88a7a0000 - 0x00007ff88ab26000 	C:\Windows\System32\combase.dll
0x00007ff88b3b0000 - 0x00007ff88b490000 	C:\Windows\System32\OLEAUT32.dll
0x00007ff8779e0000 - 0x00007ff877a23000 	C:\Windows\SYSTEM32\dbgcore.DLL
0x00007ff88a160000 - 0x00007ff88a1f9000 	C:\Windows\System32\bcryptPrimitives.dll
0x00007ff8637c0000 - 0x00007ff8637cf000 	c:\Users\Admin\.vscode\extensions\redhat.java-1.44.0-win32-x64\jre\21.0.8-win32-x86_64\bin\instrument.dll
0x00007ff85bfc0000 - 0x00007ff85bfdf000 	c:\Users\Admin\.vscode\extensions\redhat.java-1.44.0-win32-x64\jre\21.0.8-win32-x86_64\bin\java.dll
0x00007ff88ac10000 - 0x00007ff88b35a000 	C:\Windows\System32\SHELL32.dll
0x00007ff889d10000 - 0x00007ff889e84000 	C:\Windows\System32\wintypes.dll
0x00007ff887230000 - 0x00007ff887a8b000 	C:\Windows\SYSTEM32\windows.storage.dll
0x00007ff88b6d0000 - 0x00007ff88b7c5000 	C:\Windows\System32\SHCORE.dll
0x00007ff88a280000 - 0x00007ff88a2ea000 	C:\Windows\System32\shlwapi.dll
0x00007ff8894c0000 - 0x00007ff8894ef000 	C:\Windows\SYSTEM32\profapi.dll
0x00007ff854410000 - 0x00007ff854428000 	c:\Users\Admin\.vscode\extensions\redhat.java-1.44.0-win32-x64\jre\21.0.8-win32-x86_64\bin\zip.dll
0x00007ff86aec0000 - 0x00007ff86aed0000 	C:\Users\Admin\.vscode\extensions\redhat.java-1.44.0-win32-x64\jre\21.0.8-win32-x86_64\bin\net.dll
0x00007ff882db0000 - 0x00007ff882ece000 	C:\Windows\SYSTEM32\WINHTTP.dll
0x00007ff8888e0000 - 0x00007ff88894a000 	C:\Windows\system32\mswsock.dll
0x00007ff85d110000 - 0x00007ff85d126000 	C:\Users\Admin\.vscode\extensions\redhat.java-1.44.0-win32-x64\jre\21.0.8-win32-x86_64\bin\nio.dll
0x00007ff85fec0000 - 0x00007ff85fed0000 	c:\Users\Admin\.vscode\extensions\redhat.java-1.44.0-win32-x64\jre\21.0.8-win32-x86_64\bin\verify.dll
0x00007ff83adb0000 - 0x00007ff83adf5000 	C:\Users\Admin\AppData\Roaming\Code\User\globalStorage\redhat.java\1.44.0\config_win\org.eclipse.equinox.launcher\org.eclipse.equinox.launcher.win32.win32.x86_64_1.2.1400.v20250730-1736\eclipse_11913.dll
0x00007ff88bba0000 - 0x00007ff88bd3e000 	C:\Windows\System32\ole32.dll
0x00007ff86aba0000 - 0x00007ff86abaa000 	C:\Users\Admin\.vscode\extensions\redhat.java-1.44.0-win32-x64\jre\21.0.8-win32-x86_64\bin\management.dll
0x00007ff864390000 - 0x00007ff86439b000 	C:\Users\Admin\.vscode\extensions\redhat.java-1.44.0-win32-x64\jre\21.0.8-win32-x86_64\bin\management_ext.dll
0x00007ff88c410000 - 0x00007ff88c418000 	C:\Windows\System32\PSAPI.DLL
0x00007ff888c00000 - 0x00007ff888c1b000 	C:\Windows\SYSTEM32\CRYPTSP.dll
0x00007ff8882b0000 - 0x00007ff8882eb000 	C:\Windows\system32\rsaenh.dll
0x00007ff888980000 - 0x00007ff8889ab000 	C:\Windows\SYSTEM32\USERENV.dll
0x00007ff889490000 - 0x00007ff8894b6000 	C:\Windows\SYSTEM32\bcrypt.dll
0x00007ff888c20000 - 0x00007ff888c2c000 	C:\Windows\SYSTEM32\CRYPTBASE.dll
0x00007ff887d80000 - 0x00007ff887db3000 	C:\Windows\SYSTEM32\IPHLPAPI.DLL
0x00007ff88bd60000 - 0x00007ff88bd6a000 	C:\Windows\System32\NSI.dll
0x00007ff81e4b0000 - 0x00007ff81e4f9000 	C:\Users\Admin\AppData\Local\Temp\jna-63116079\jna12897672612708360241.dll
0x00007ff883200000 - 0x00007ff88321f000 	C:\Windows\SYSTEM32\dhcpcsvc6.DLL
0x00007ff8831d0000 - 0x00007ff8831f5000 	C:\Windows\SYSTEM32\dhcpcsvc.DLL
0x00007ff85bb50000 - 0x00007ff85bb5e000 	C:\Users\Admin\.vscode\extensions\redhat.java-1.44.0-win32-x64\jre\21.0.8-win32-x86_64\bin\sunmscapi.dll
0x00007ff889e90000 - 0x00007ff88a007000 	C:\Windows\System32\CRYPT32.dll
0x00007ff888ed0000 - 0x00007ff888f00000 	C:\Windows\SYSTEM32\ncrypt.dll
0x00007ff888e80000 - 0x00007ff888ebf000 	C:\Windows\SYSTEM32\NTASN1.dll
0x00007ff887dc0000 - 0x00007ff887ee6000 	C:\Windows\SYSTEM32\DNSAPI.dll
0x00007ff87d8d0000 - 0x00007ff87d8db000 	C:\Windows\System32\rasadhlp.dll
0x00007ff880d50000 - 0x00007ff880dd6000 	C:\Windows\System32\fwpuclnt.dll
0x00007ff853800000 - 0x00007ff853809000 	C:\Users\Admin\.vscode\extensions\redhat.java-1.44.0-win32-x64\jre\21.0.8-win32-x86_64\bin\extnet.dll
0x00007ff83f560000 - 0x00007ff83f587000 	C:\Users\Admin\.gradle\native\1def1411415f61bf3af743bc5b6707747c0891f09f0c88961ee8f79bc544acac\windows-amd64\native-platform.dll
0x00007ff85bb20000 - 0x00007ff85bb28000 	C:\Windows\system32\wshunix.dll

JVMTI agents:
c:\Users\Admin\.vscode\extensions\redhat.java-1.44.0-win32-x64\lombok\lombok-1.18.39-4050.jar path:c:\Users\Admin\.vscode\extensions\redhat.java-1.44.0-win32-x64\jre\21.0.8-win32-x86_64\bin\instrument.dll, loaded, initialized, instrumentlib options:none

dbghelp: loaded successfully - version: 4.0.5 - missing functions: none
symbol engine: initialized successfully - sym options: 0x614 - pdb path: .;c:\Users\Admin\.vscode\extensions\redhat.java-1.44.0-win32-x64\jre\21.0.8-win32-x86_64\bin;C:\Windows\SYSTEM32;C:\Windows\WinSxS\amd64_microsoft.windows.common-controls_6595b64144ccf1df_6.0.26100.4484_none_3e0e6d4ce32ef3b3;c:\Users\Admin\.vscode\extensions\redhat.java-1.44.0-win32-x64\jre\21.0.8-win32-x86_64\bin\server;C:\Users\Admin\AppData\Roaming\Code\User\globalStorage\redhat.java\1.44.0\config_win\org.eclipse.equinox.launcher\org.eclipse.equinox.launcher.win32.win32.x86_64_1.2.1400.v20250730-1736;C:\Users\Admin\AppData\Local\Temp\jna-63116079;C:\Users\Admin\.gradle\native\1def1411415f61bf3af743bc5b6707747c0891f09f0c88961ee8f79bc544acac\windows-amd64

VM Arguments:
jvm_args: --add-modules=ALL-SYSTEM --add-opens=java.base/java.util=ALL-UNNAMED --add-opens=java.base/java.lang=ALL-UNNAMED --add-opens=java.base/sun.nio.fs=ALL-UNNAMED -Declipse.application=org.eclipse.jdt.ls.core.id1 -Dosgi.bundles.defaultStartLevel=4 -Declipse.product=org.eclipse.jdt.ls.core.product -Djava.import.generatesMetadataFilesAtProjectRoot=false -DDetectVMInstallationsJob.disabled=true -Dfile.encoding=utf8 -XX:+UseParallelGC -XX:GCTimeRatio=4 -XX:AdaptiveSizePolicyWeight=90 -Dsun.zip.disableMemoryMapping=true -Xmx2G -Xms100m -Xlog:disable -javaagent:c:\Users\Admin\.vscode\extensions\redhat.java-1.44.0-win32-x64\lombok\lombok-1.18.39-4050.jar -XX:+HeapDumpOnOutOfMemoryError -XX:HeapDumpPath=c:\Users\Admin\AppData\Roaming\Code\User\workspaceStorage\612b4bcd867f8c5dce3d03f15af5dfeb\redhat.java -Daether.dependencyCollector.impl=bf 
java_command: c:\Users\Admin\.vscode\extensions\redhat.java-1.44.0-win32-x64\server\plugins\org.eclipse.equinox.launcher_1.7.0.v20250519-0528.jar -configuration c:\Users\Admin\AppData\Roaming\Code\User\globalStorage\redhat.java\1.44.0\config_win -data c:\Users\Admin\AppData\Roaming\Code\User\workspaceStorage\612b4bcd867f8c5dce3d03f15af5dfeb\redhat.java\jdt_ws --pipe=\\.\pipe\lsp-d6feadb93c9912d5cf73b5ad9491c3d5-sock
java_class_path (initial): c:\Users\Admin\.vscode\extensions\redhat.java-1.44.0-win32-x64\server\plugins\org.eclipse.equinox.launcher_1.7.0.v20250519-0528.jar
Launcher Type: SUN_STANDARD

[Global flags]
    uintx AdaptiveSizePolicyWeight                 = 90                                        {product} {command line}
     intx CICompilerCount                          = 4                                         {product} {ergonomic}
    uintx GCTimeRatio                              = 4                                         {product} {command line}
     bool HeapDumpOnOutOfMemoryError               = true                                   {manageable} {command line}
    ccstr HeapDumpPath                             = c:\Users\Admin\AppData\Roaming\Code\User\workspaceStorage\612b4bcd867f8c5dce3d03f15af5dfeb\redhat.java         {manageable} {command line}
   size_t InitialHeapSize                          = 104857600                                 {product} {command line}
   size_t MaxHeapSize                              = 2147483648                                {product} {command line}
   size_t MaxNewSize                               = 715653120                                 {product} {ergonomic}
   size_t MinHeapDeltaBytes                        = 524288                                    {product} {ergonomic}
   size_t MinHeapSize                              = 104857600                                 {product} {command line}
   size_t NewSize                                  = 34603008                                  {product} {ergonomic}
    uintx NonNMethodCodeHeapSize                   = 5839372                                {pd product} {ergonomic}
    uintx NonProfiledCodeHeapSize                  = 122909434                              {pd product} {ergonomic}
   size_t OldSize                                  = 70254592                                  {product} {ergonomic}
    uintx ProfiledCodeHeapSize                     = 122909434                              {pd product} {ergonomic}
    uintx ReservedCodeCacheSize                    = 251658240                              {pd product} {ergonomic}
     bool SegmentedCodeCache                       = true                                      {product} {ergonomic}
   size_t SoftMaxHeapSize                          = 2147483648                             {manageable} {ergonomic}
     bool UseCompressedOops                        = true                           {product lp64_product} {ergonomic}
     bool UseLargePagesIndividualAllocation        = false                                  {pd product} {ergonomic}
     bool UseParallelGC                            = true                                      {product} {command line}

Logging:
Log output configuration:
 #0: stdout all=off uptime,level,tags foldmultilines=false
 #1: stderr all=off uptime,level,tags foldmultilines=false

Environment Variables:
JAVA_HOME=C:\Program Files\OpenJDK\jdk-11.0.x
PATH=C:\Program Files\nodejs;C:\Program Files\Microsoft VS Code\bin;C:\Users\Admin\AppData\Local\Programs\Eclipse Adoptium\jdk-21.0.8.9-hotspot\bin;C:\Program Files\nodejs;C:\Program Files\Microsoft VS Code\bin;C:\Program Files\OpenJDK\jdk-11.0.x\bin;C:\Users\Admin\AppData\Local\GitHubDesktop\bin;C:\Users\Admin\AppData\Roaming\npm
USERNAME=Admin
OS=Windows_NT
PROCESSOR_IDENTIFIER=Intel64 Family 6 Model 158 Stepping 10, GenuineIntel
TMP=C:\Users\Admin\AppData\Local\Temp
TEMP=C:\Users\Admin\AppData\Local\Temp




Periodic native trim disabled

---------------  S Y S T E M  ---------------

OS:
 Windows 11 , 64 bit Build 26100 (10.0.26100.4484)
OS uptime: 2 days 21:20 hours

CPU: total 12 (initial active 12) (6 cores per cpu, 2 threads per core) family 6 model 158 stepping 10 microcode 0xde, cx8, cmov, fxsr, ht, mmx, 3dnowpref, sse, sse2, sse3, ssse3, sse4.1, sse4.2, popcnt, lzcnt, tsc, tscinvbit, avx, avx2, aes, erms, clmul, bmi1, bmi2, adx, fma, vzeroupper, clflush, clflushopt, rdtscp, f16c
Processor Information for the first 12 processors :
  Max Mhz: 2592, Current Mhz: 2592, Mhz Limit: 2592

Memory: 4k page, system-wide physical 16233M (450M free)
TotalPageFile size 24425M (AvailPageFile size 20M)
current process WorkingSet (physical memory assigned to process): 572M, peak: 1820M
current process commit charge ("private bytes"): 1653M, peak: 1747M

vm_info: OpenJDK 64-Bit Server VM (21.0.8+9-LTS) for windows-amd64 JRE (21.0.8+9-LTS), built on 2025-07-15T00:00:00Z by "admin" with MS VC++ 17.7 (VS2022)

END.
